<?xml version="1.0" encoding="UTF-8"?>
<!-- Generated by org.testng.reporters.JUnitXMLReporter -->
<testsuite hostname="admins-MacBook-Air-2.local" ignored="4" name="Test" tests="2" failures="1" timestamp="2020-03-10T15:35:21 IST" time="43.193" errors="0">
  <testcase name="login" time="21.53" classname="tests.login"/>
  <testcase name="logout" time="0.003" classname="tests.logout">
    <failure type="java.lang.NullPointerException">
      <![CDATA[java.lang.NullPointerException
at tests.logout.logout(logout.java:30)
at java.util.ArrayList.forEach(ArrayList.java:1257)
... Removed 27 stack frames]]>
    </failure>
  </testcase> <!-- logout -->
  <testcase name="@BeforeTest setup" time="0.0" classname="tests.aaaBaseClass">
    <ignored/>
  </testcase> <!-- @BeforeTest setup -->
  <testcase name="@BeforeSuite ReportSetup" time="0.0" classname="tests.aaaExtendReportsDemo">
    <ignored/>
  </testcase> <!-- @BeforeSuite ReportSetup -->
  <testcase name="@AfterSuite teardown" time="0.0" classname="tests.aaaBaseClass">
    <ignored/>
  </testcase> <!-- @AfterSuite teardown -->
  <testcase name="@AfterSuite ReportTeardown" time="0.0" classname="tests.aaaExtendReportsDemo">
    <ignored/>
  </testcase> <!-- @AfterSuite ReportTeardown -->
</testsuite> <!-- Test -->
