<?xml version="1.0" encoding="UTF-8"?>
<!-- Generated by org.testng.reporters.JUnitXMLReporter -->
<testsuite hostname="admins-MacBook-Air-2.local" ignored="2" name="Test" tests="2" failures="0" timestamp="2020-03-13T12:02:43 IST" time="24.5" errors="0">
  <testcase name="login" time="20.551" classname="tests.login"/>
  <testcase name="logout" time="3.886" classname="tests.logout"/>
  <testcase name="@BeforeSuite setup" time="0.0" classname="tests.aaaBaseClass">
    <ignored/>
  </testcase> <!-- @BeforeSuite setup -->
  <testcase name="@AfterSuite teardown" time="0.0" classname="tests.aaaBaseClass">
    <ignored/>
  </testcase> <!-- @AfterSuite teardown -->
</testsuite> <!-- Test -->
