<?xml version="1.0" encoding="UTF-8"?>
<testng-results ignored="0" total="1" passed="1" failed="0" skipped="0">
  <reporter-output>
  </reporter-output>
  <suite started-at="2020-06-03T11:17:29 IST" name="testng.xml" finished-at="2020-06-03T11:21:47 IST" duration-ms="258061">
    <groups>
    </groups>
    <test started-at="2020-06-03T11:17:29 IST" name="testLogin" finished-at="2020-06-03T11:21:47 IST" duration-ms="258061">
      <class name="FrameworkCode.StartFramework">
        <test-method is-config="true" signature="Beforesuit()[pri:0, instance:FrameworkCode.StartFramework@10e92f8f]" started-at="2020-06-03T11:16:54 IST" name="Beforesuit" finished-at="2020-06-03T11:17:29 IST" duration-ms="35136" status="PASS">
          <reporter-output>
          </reporter-output>
        </test-method> <!-- Beforesuit -->
        <test-method is-config="true" signature="init(org.testng.ITestContext)[pri:0, instance:FrameworkCode.StartFramework@10e92f8f]" started-at="2020-06-03T11:17:29 IST" name="init" finished-at="2020-06-03T11:17:29 IST" duration-ms="160" status="PASS">
          <params>
            <param index="0">
              <value>
                <![CDATA[org.testng.TestRunner@403c3a01]]>
              </value>
            </param>
          </params>
          <reporter-output>
          </reporter-output>
        </test-method> <!-- init -->
        <test-method signature="test(java.lang.String, java.lang.String, java.lang.String)[pri:0, instance:FrameworkCode.StartFramework@10e92f8f]" started-at="2020-06-03T11:17:34 IST" name="test" data-provider="hybridDataRegression" finished-at="2020-06-03T11:21:46 IST" duration-ms="251613" status="PASS">
          <params>
            <param index="0">
              <value>
                <![CDATA[145255]]>
              </value>
            </param>
            <param index="1">
              <value>
                <![CDATA[REGATO-Scenario # 047.1 Check-in Presidential Redemption Passsenger in the PSS iPad GUI]]>
              </value>
            </param>
            <param index="2">
              <value>
                <![CDATA[45]]>
              </value>
            </param>
          </params>
          <reporter-output>
          </reporter-output>
        </test-method> <!-- test -->
        <test-method is-config="true" signature="endreport()[pri:0, instance:FrameworkCode.StartFramework@10e92f8f]" started-at="2020-06-03T11:21:46 IST" name="endreport" finished-at="2020-06-03T11:21:47 IST" duration-ms="1280" status="PASS">
          <reporter-output>
          </reporter-output>
        </test-method> <!-- endreport -->
      </class> <!-- FrameworkCode.StartFramework -->
    </test> <!-- testLogin -->
  </suite> <!-- testng.xml -->
</testng-results>
